d:\document\project\castlevania\castlevania\debug\vc120.pdb
d:\document\project\castlevania\castlevania\debug\vc120.idb
d:\document\project\castlevania\castlevania\debug\rosary.obj
d:\document\project\castlevania\castlevania\debug\simon.obj
d:\document\project\castlevania\castlevania\debug\skeleton.obj
d:\document\project\castlevania\castlevania\debug\smallheart.obj
d:\document\project\castlevania\castlevania\debug\snake.obj
d:\document\project\castlevania\castlevania\debug\source.obj
d:\document\project\castlevania\castlevania\debug\spearguard.obj
d:\document\project\castlevania\castlevania\debug\spiritball.obj
d:\document\project\castlevania\castlevania\debug\stair.obj
d:\document\project\castlevania\castlevania\debug\stair2.obj
d:\document\project\castlevania\castlevania\debug\stairs.obj
d:\document\project\castlevania\castlevania\debug\stairs2.obj
d:\document\project\castlevania\castlevania\debug\state.obj
d:\document\project\castlevania\castlevania\debug\stopwatch.obj
d:\document\project\castlevania\castlevania\debug\surface.obj
d:\document\project\castlevania\castlevania\debug\sweptaabb.obj
d:\document\project\castlevania\castlevania\debug\trap.obj
d:\document\project\castlevania\castlevania\debug\weaponknife.obj
d:\document\project\castlevania\castlevania\debug\whip.obj
d:\document\project\castlevania\castlevania\debug\windows.obj
d:\document\project\castlevania\castlevania\debug\graphics.obj
d:\document\project\castlevania\castlevania\debug\ground.obj
d:\document\project\castlevania\castlevania\debug\gsprite.obj
d:\document\project\castlevania\castlevania\debug\gtexture.obj
d:\document\project\castlevania\castlevania\debug\holywater.obj
d:\document\project\castlevania\castlevania\debug\item.obj
d:\document\project\castlevania\castlevania\debug\itemnone.obj
d:\document\project\castlevania\castlevania\debug\keyboard.obj
d:\document\project\castlevania\castlevania\debug\knife.obj
d:\document\project\castlevania\castlevania\debug\medusa.obj
d:\document\project\castlevania\castlevania\debug\medusahead.obj
d:\document\project\castlevania\castlevania\debug\moneybag.obj
d:\document\project\castlevania\castlevania\debug\morningstar.obj
d:\document\project\castlevania\castlevania\debug\mummies.obj
d:\document\project\castlevania\castlevania\debug\nextball.obj
d:\document\project\castlevania\castlevania\debug\quadnode.obj
d:\document\project\castlevania\castlevania\debug\quadtree.obj
d:\document\project\castlevania\castlevania\debug\raven.obj
d:\document\project\castlevania\castlevania\debug\rect.obj
d:\document\project\castlevania\castlevania\debug\roast.obj
d:\document\project\castlevania\castlevania\debug\brick.obj
d:\document\project\castlevania\castlevania\debug\brickhidden.obj
d:\document\project\castlevania\castlevania\debug\brickmoving.obj
d:\document\project\castlevania\castlevania\debug\bricks.obj
d:\document\project\castlevania\castlevania\debug\cross.obj
d:\document\project\castlevania\castlevania\debug\deathplace.obj
d:\document\project\castlevania\castlevania\debug\door.obj
d:\document\project\castlevania\castlevania\debug\doubleshot.obj
d:\document\project\castlevania\castlevania\debug\dsutil.obj
d:\document\project\castlevania\castlevania\debug\enemy.obj
d:\document\project\castlevania\castlevania\debug\fireandle.obj
d:\document\project\castlevania\castlevania\debug\fireball.obj
d:\document\project\castlevania\castlevania\debug\firetower.obj
d:\document\project\castlevania\castlevania\debug\fleaman.obj
d:\document\project\castlevania\castlevania\debug\game.obj
d:\document\project\castlevania\castlevania\debug\gameconfig.obj
d:\document\project\castlevania\castlevania\debug\gaudio.obj
d:\document\project\castlevania\castlevania\debug\gcamera.obj
d:\document\project\castlevania\castlevania\debug\ghost.obj
d:\document\project\castlevania\castlevania\debug\gobject.obj
d:\document\project\castlevania\castlevania\debug\.obj
d:\document\project\castlevania\castlevania\debug\axe.obj
d:\document\project\castlevania\castlevania\debug\bat.obj
d:\document\project\castlevania\castlevania\debug\bigheart.obj
d:\document\project\castlevania\castlevania\debug\blade.obj
d:\document\project\castlevania\castlevania\debug\board.obj
d:\document\project\castlevania\castlevania\debug\bone.obj
d:\document\project\castlevania\castlevania\debug\bonepillar.obj
d:\document\project\castlevania\castlevania\debug\boomerang.obj
d:\document\project\castlevania\castlevania\debug\box.obj
d:\document\project\castlevania\castlevania\debug\main.obj
d:\document\project\castlevania\debug\castlevania.ilk
d:\document\project\castlevania\debug\castlevania.exe
d:\document\project\castlevania\debug\castlevania.pdb
d:\document\project\castlevania\castlevania\debug\castlevania.tlog\cl.command.1.tlog
d:\document\project\castlevania\castlevania\debug\castlevania.tlog\cl.read.1.tlog
d:\document\project\castlevania\castlevania\debug\castlevania.tlog\cl.write.1.tlog
d:\document\project\castlevania\castlevania\debug\castlevania.tlog\link.command.1.tlog
d:\document\project\castlevania\castlevania\debug\castlevania.tlog\link.read.1.tlog
d:\document\project\castlevania\castlevania\debug\castlevania.tlog\link.write.1.tlog
