c:\users\tient_000\desktop\castlevania\framework\framework\debug\vc120.pdb
c:\users\tient_000\desktop\castlevania\framework\framework\debug\vc120.idb
c:\users\tient_000\desktop\castlevania\framework\framework\debug\door.obj
c:\users\tient_000\desktop\castlevania\framework\framework\debug\board.obj
c:\users\tient_000\desktop\castlevania\framework\framework\debug\deathplace.obj
c:\users\tient_000\desktop\castlevania\framework\framework\debug\fleaman.obj
c:\users\tient_000\desktop\castlevania\framework\framework\debug\stair2.obj
c:\users\tient_000\desktop\castlevania\framework\framework\debug\stairs2.obj
c:\users\tient_000\desktop\castlevania\framework\framework\debug\stairs.obj
c:\users\tient_000\desktop\castlevania\framework\framework\debug\spearguard.obj
c:\users\tient_000\desktop\castlevania\framework\framework\debug\spiritball.obj
c:\users\tient_000\desktop\castlevania\framework\framework\debug\stair.obj
c:\users\tient_000\desktop\castlevania\framework\framework\debug\stopwatch.obj
c:\users\tient_000\desktop\castlevania\framework\framework\debug\sweptaabb.obj
c:\users\tient_000\desktop\castlevania\framework\framework\debug\state.obj
c:\users\tient_000\desktop\castlevania\framework\framework\debug\surface.obj
c:\users\tient_000\desktop\castlevania\framework\framework\debug\trap.obj
c:\users\tient_000\desktop\castlevania\framework\framework\debug\weaponknife.obj
c:\users\tient_000\desktop\castlevania\framework\framework\debug\whip.obj
c:\users\tient_000\desktop\castlevania\framework\framework\debug\windows.obj
c:\users\tient_000\desktop\castlevania\framework\framework\debug\gsprite.obj
c:\users\tient_000\desktop\castlevania\framework\framework\debug\gtexture.obj
c:\users\tient_000\desktop\castlevania\framework\framework\debug\medusahead.obj
c:\users\tient_000\desktop\castlevania\framework\framework\debug\moneybag.obj
c:\users\tient_000\desktop\castlevania\framework\framework\debug\morningstar.obj
c:\users\tient_000\desktop\castlevania\framework\framework\debug\mummies.obj
c:\users\tient_000\desktop\castlevania\framework\framework\debug\nextball.obj
c:\users\tient_000\desktop\castlevania\framework\framework\debug\raven.obj
c:\users\tient_000\desktop\castlevania\framework\framework\debug\roast.obj
c:\users\tient_000\desktop\castlevania\framework\framework\debug\rosary.obj
c:\users\tient_000\desktop\castlevania\framework\framework\debug\skeleton.obj
c:\users\tient_000\desktop\castlevania\framework\framework\debug\smallheart.obj
c:\users\tient_000\desktop\castlevania\framework\framework\debug\snake.obj
c:\users\tient_000\desktop\castlevania\framework\framework\debug\source.obj
c:\users\tient_000\desktop\castlevania\framework\framework\debug\game.obj
c:\users\tient_000\desktop\castlevania\framework\framework\debug\gobject.obj
c:\users\tient_000\desktop\castlevania\framework\framework\debug\simon.obj
c:\users\tient_000\desktop\castlevania\framework\framework\debug\gcamera.obj
c:\users\tient_000\desktop\castlevania\framework\framework\debug\box.obj
c:\users\tient_000\desktop\castlevania\framework\framework\debug\rect.obj
c:\users\tient_000\desktop\castlevania\framework\framework\debug\quadtree.obj
c:\users\tient_000\desktop\castlevania\framework\framework\debug\quadnode.obj
c:\users\tient_000\desktop\castlevania\framework\framework\debug\brickhidden.obj
c:\users\tient_000\desktop\castlevania\framework\framework\debug\brickmoving.obj
c:\users\tient_000\desktop\castlevania\framework\framework\debug\dsutil.obj
c:\users\tient_000\desktop\castlevania\framework\framework\debug\fireandle.obj
c:\users\tient_000\desktop\castlevania\framework\framework\debug\cross.obj
c:\users\tient_000\desktop\castlevania\framework\framework\debug\doubleshot.obj
c:\users\tient_000\desktop\castlevania\framework\framework\debug\enemy.obj
c:\users\tient_000\desktop\castlevania\framework\framework\debug\fireball.obj
c:\users\tient_000\desktop\castlevania\framework\framework\debug\firetower.obj
c:\users\tient_000\desktop\castlevania\framework\framework\debug\gameconfig.obj
c:\users\tient_000\desktop\castlevania\framework\framework\debug\gaudio.obj
c:\users\tient_000\desktop\castlevania\framework\framework\debug\ghost.obj
c:\users\tient_000\desktop\castlevania\framework\framework\debug\graphics.obj
c:\users\tient_000\desktop\castlevania\framework\framework\debug\ground.obj
c:\users\tient_000\desktop\castlevania\framework\framework\debug\holywater.obj
c:\users\tient_000\desktop\castlevania\framework\framework\debug\item.obj
c:\users\tient_000\desktop\castlevania\framework\framework\debug\itemnone.obj
c:\users\tient_000\desktop\castlevania\framework\framework\debug\keyboard.obj
c:\users\tient_000\desktop\castlevania\framework\framework\debug\knife.obj
c:\users\tient_000\desktop\castlevania\framework\framework\debug\medusa.obj
c:\users\tient_000\desktop\castlevania\framework\framework\debug\axe.obj
c:\users\tient_000\desktop\castlevania\framework\framework\debug\bat.obj
c:\users\tient_000\desktop\castlevania\framework\framework\debug\bigheart.obj
c:\users\tient_000\desktop\castlevania\framework\framework\debug\blade.obj
c:\users\tient_000\desktop\castlevania\framework\framework\debug\bone.obj
c:\users\tient_000\desktop\castlevania\framework\framework\debug\bonepillar.obj
c:\users\tient_000\desktop\castlevania\framework\framework\debug\boomerang.obj
c:\users\tient_000\desktop\castlevania\framework\framework\debug\brick.obj
c:\users\tient_000\desktop\castlevania\framework\framework\debug\bricks.obj
c:\users\tient_000\desktop\castlevania\framework\debug\framework.ilk
c:\users\tient_000\desktop\castlevania\framework\debug\framework.exe
c:\users\tient_000\desktop\castlevania\framework\debug\framework.pdb
c:\users\tient_000\desktop\castlevania\framework\framework\debug\framework.tlog\cl.command.1.tlog
c:\users\tient_000\desktop\castlevania\framework\framework\debug\framework.tlog\cl.read.1.tlog
c:\users\tient_000\desktop\castlevania\framework\framework\debug\framework.tlog\cl.write.1.tlog
c:\users\tient_000\desktop\castlevania\framework\framework\debug\framework.tlog\link.command.1.tlog
c:\users\tient_000\desktop\castlevania\framework\framework\debug\framework.tlog\link.read.1.tlog
c:\users\tient_000\desktop\castlevania\framework\framework\debug\framework.tlog\link.write.1.tlog
